2022-11-03 10:19:01.685359 Eliminando productos sin stock
2022-11-03 10:19:01.685418 Productos sin stock eliminados
2022-11-03 10:20:01.768346 Eliminando productos sin stock
2022-11-03 10:20:01.768402 Productos sin stock eliminados
2022-11-03 10:21:01.841353 Eliminando productos sin stock
2022-11-03 10:21:01.841406 Productos sin stock eliminados
2022-11-03 10:22:04.665522 Eliminando productos sin stock
2022-11-03 10:22:04.665730 Productos sin stock eliminados
2022-11-08 21:13:06.391062 Eliminando productos sin stock
2022-11-08 21:13:06.392322 Productos sin stock eliminados
2022-11-08 21:14:03.556129 Eliminando productos sin stock
2022-11-08 21:44:04.474894 Eliminando productos sin stock
6
0
2022-11-08 21:44:04.476359 Productos sin stock eliminados
2022-11-08 21:53:05.602213 Eliminando productos sin stock
Productos almacenados 6
Productos sin stock 4
Productos disponibles 2
2022-11-08 21:53:05.603156 Productos sin stock eliminados
2022-11-08 21:54:03.995001 Eliminando productos sin stock
Productos almacenados 6
Productos sin stock 4
Productos disponibles 2
2022-11-08 21:54:03.996399 Productos sin stock eliminados
